2023-05-01 19:25:39,581 CRIT Supervisor is running as root.  Privileges were not dropped because no user is specified in the config file.  If you intend to run as root, you can set user=root in the config file to avoid this message.
2023-05-01 19:25:39,590 INFO supervisord started with pid 9
2023-05-01 19:25:40,594 INFO spawned: 'nginx' with pid 10
2023-05-01 19:25:40,598 INFO spawned: 'uwsgi' with pid 11
2023-05-01 19:25:41,963 INFO success: nginx entered RUNNING state, process has stayed up for > than 1 seconds (startsecs)
2023-05-01 19:25:41,964 INFO success: uwsgi entered RUNNING state, process has stayed up for > than 1 seconds (startsecs)
2023-05-01 20:35:14,967 CRIT Supervisor is running as root.  Privileges were not dropped because no user is specified in the config file.  If you intend to run as root, you can set user=root in the config file to avoid this message.
2023-05-01 20:35:14,972 INFO supervisord started with pid 8
2023-05-01 20:35:15,977 INFO spawned: 'nginx' with pid 9
2023-05-01 20:35:15,980 INFO spawned: 'uwsgi' with pid 10
2023-05-01 20:35:17,300 INFO success: nginx entered RUNNING state, process has stayed up for > than 1 seconds (startsecs)
2023-05-01 20:35:17,301 INFO success: uwsgi entered RUNNING state, process has stayed up for > than 1 seconds (startsecs)
2023-05-01 20:36:32,688 CRIT Supervisor is running as root.  Privileges were not dropped because no user is specified in the config file.  If you intend to run as root, you can set user=root in the config file to avoid this message.
2023-05-01 20:36:32,693 INFO supervisord started with pid 9
2023-05-01 20:36:33,696 INFO spawned: 'nginx' with pid 10
2023-05-01 20:36:33,699 INFO spawned: 'uwsgi' with pid 11
2023-05-01 20:36:35,056 INFO success: nginx entered RUNNING state, process has stayed up for > than 1 seconds (startsecs)
2023-05-01 20:36:35,056 INFO success: uwsgi entered RUNNING state, process has stayed up for > than 1 seconds (startsecs)
2023-05-01 21:51:44,220 CRIT Supervisor is running as root.  Privileges were not dropped because no user is specified in the config file.  If you intend to run as root, you can set user=root in the config file to avoid this message.
2023-05-01 21:51:44,227 INFO supervisord started with pid 9
2023-05-01 21:51:45,232 INFO spawned: 'nginx' with pid 10
2023-05-01 21:51:45,237 INFO spawned: 'uwsgi' with pid 11
2023-05-01 21:51:46,562 INFO success: nginx entered RUNNING state, process has stayed up for > than 1 seconds (startsecs)
2023-05-01 21:51:46,563 INFO success: uwsgi entered RUNNING state, process has stayed up for > than 1 seconds (startsecs)
2023-05-01 21:53:55,688 CRIT Supervisor is running as root.  Privileges were not dropped because no user is specified in the config file.  If you intend to run as root, you can set user=root in the config file to avoid this message.
2023-05-01 21:53:55,694 INFO supervisord started with pid 8
2023-05-01 21:53:56,699 INFO spawned: 'nginx' with pid 9
2023-05-01 21:53:56,702 INFO spawned: 'uwsgi' with pid 10
2023-05-01 21:53:58,029 INFO success: nginx entered RUNNING state, process has stayed up for > than 1 seconds (startsecs)
2023-05-01 21:53:58,030 INFO success: uwsgi entered RUNNING state, process has stayed up for > than 1 seconds (startsecs)
2023-05-01 22:09:23,793 CRIT Supervisor is running as root.  Privileges were not dropped because no user is specified in the config file.  If you intend to run as root, you can set user=root in the config file to avoid this message.
2023-05-01 22:09:23,798 INFO supervisord started with pid 9
2023-05-01 22:09:24,801 INFO spawned: 'nginx' with pid 10
2023-05-01 22:09:24,803 INFO spawned: 'uwsgi' with pid 11
2023-05-01 22:09:26,160 INFO success: nginx entered RUNNING state, process has stayed up for > than 1 seconds (startsecs)
2023-05-01 22:09:26,160 INFO success: uwsgi entered RUNNING state, process has stayed up for > than 1 seconds (startsecs)
2023-05-01 22:42:53,184 CRIT Supervisor is running as root.  Privileges were not dropped because no user is specified in the config file.  If you intend to run as root, you can set user=root in the config file to avoid this message.
2023-05-01 22:42:53,189 INFO supervisord started with pid 9
2023-05-01 22:42:54,195 INFO spawned: 'nginx' with pid 10
2023-05-01 22:42:54,200 INFO spawned: 'uwsgi' with pid 11
2023-05-01 22:42:55,501 INFO success: nginx entered RUNNING state, process has stayed up for > than 1 seconds (startsecs)
2023-05-01 22:42:55,502 INFO success: uwsgi entered RUNNING state, process has stayed up for > than 1 seconds (startsecs)
2023-05-01 22:47:49,762 CRIT Supervisor is running as root.  Privileges were not dropped because no user is specified in the config file.  If you intend to run as root, you can set user=root in the config file to avoid this message.
2023-05-01 22:47:49,767 INFO supervisord started with pid 9
2023-05-01 22:47:50,771 INFO spawned: 'nginx' with pid 10
2023-05-01 22:47:50,773 INFO spawned: 'uwsgi' with pid 11
2023-05-01 22:47:52,244 INFO success: nginx entered RUNNING state, process has stayed up for > than 1 seconds (startsecs)
2023-05-01 22:47:52,245 INFO success: uwsgi entered RUNNING state, process has stayed up for > than 1 seconds (startsecs)
2023-05-01 23:07:05,279 CRIT Supervisor is running as root.  Privileges were not dropped because no user is specified in the config file.  If you intend to run as root, you can set user=root in the config file to avoid this message.
2023-05-01 23:07:05,284 INFO supervisord started with pid 9
2023-05-01 23:07:06,287 INFO spawned: 'nginx' with pid 10
2023-05-01 23:07:06,289 INFO spawned: 'uwsgi' with pid 11
2023-05-01 23:07:07,711 INFO success: nginx entered RUNNING state, process has stayed up for > than 1 seconds (startsecs)
2023-05-01 23:07:07,712 INFO success: uwsgi entered RUNNING state, process has stayed up for > than 1 seconds (startsecs)
2023-05-02 00:12:17,484 CRIT Supervisor is running as root.  Privileges were not dropped because no user is specified in the config file.  If you intend to run as root, you can set user=root in the config file to avoid this message.
2023-05-02 00:12:17,490 INFO supervisord started with pid 9
2023-05-02 00:12:18,496 INFO spawned: 'nginx' with pid 10
2023-05-02 00:12:18,502 INFO spawned: 'uwsgi' with pid 11
2023-05-02 00:12:19,865 INFO success: nginx entered RUNNING state, process has stayed up for > than 1 seconds (startsecs)
2023-05-02 00:12:19,866 INFO success: uwsgi entered RUNNING state, process has stayed up for > than 1 seconds (startsecs)
2023-05-02 00:17:34,306 CRIT Supervisor is running as root.  Privileges were not dropped because no user is specified in the config file.  If you intend to run as root, you can set user=root in the config file to avoid this message.
2023-05-02 00:17:34,312 INFO supervisord started with pid 9
2023-05-02 00:17:35,317 INFO spawned: 'nginx' with pid 10
2023-05-02 00:17:35,321 INFO spawned: 'uwsgi' with pid 11
2023-05-02 00:17:36,754 INFO success: nginx entered RUNNING state, process has stayed up for > than 1 seconds (startsecs)
2023-05-02 00:17:36,756 INFO success: uwsgi entered RUNNING state, process has stayed up for > than 1 seconds (startsecs)
2023-05-02 00:38:14,603 CRIT Supervisor is running as root.  Privileges were not dropped because no user is specified in the config file.  If you intend to run as root, you can set user=root in the config file to avoid this message.
2023-05-02 00:38:14,608 INFO supervisord started with pid 9
2023-05-02 00:38:15,612 INFO spawned: 'nginx' with pid 10
2023-05-02 00:38:15,615 INFO spawned: 'uwsgi' with pid 11
2023-05-02 00:38:17,052 INFO success: nginx entered RUNNING state, process has stayed up for > than 1 seconds (startsecs)
2023-05-02 00:38:17,053 INFO success: uwsgi entered RUNNING state, process has stayed up for > than 1 seconds (startsecs)
2023-05-02 01:16:12,922 CRIT Supervisor is running as root.  Privileges were not dropped because no user is specified in the config file.  If you intend to run as root, you can set user=root in the config file to avoid this message.
2023-05-02 01:16:12,927 INFO supervisord started with pid 9
2023-05-02 01:16:13,933 INFO spawned: 'nginx' with pid 10
2023-05-02 01:16:13,938 INFO spawned: 'uwsgi' with pid 11
2023-05-02 01:16:15,352 INFO success: nginx entered RUNNING state, process has stayed up for > than 1 seconds (startsecs)
2023-05-02 01:16:15,353 INFO success: uwsgi entered RUNNING state, process has stayed up for > than 1 seconds (startsecs)
2023-05-02 02:44:31,293 CRIT Supervisor is running as root.  Privileges were not dropped because no user is specified in the config file.  If you intend to run as root, you can set user=root in the config file to avoid this message.
2023-05-02 02:44:31,298 INFO supervisord started with pid 9
2023-05-02 02:44:32,305 INFO spawned: 'nginx' with pid 10
2023-05-02 02:44:32,310 INFO spawned: 'uwsgi' with pid 11
2023-05-02 02:44:33,693 INFO success: nginx entered RUNNING state, process has stayed up for > than 1 seconds (startsecs)
2023-05-02 02:44:33,694 INFO success: uwsgi entered RUNNING state, process has stayed up for > than 1 seconds (startsecs)
2023-05-02 04:41:44,209 CRIT Supervisor is running as root.  Privileges were not dropped because no user is specified in the config file.  If you intend to run as root, you can set user=root in the config file to avoid this message.
2023-05-02 04:41:44,255 INFO supervisord started with pid 31
2023-05-02 04:41:45,261 INFO spawned: 'nginx' with pid 32
2023-05-02 04:41:45,267 INFO spawned: 'uwsgi' with pid 33
2023-05-02 04:41:46,707 INFO success: nginx entered RUNNING state, process has stayed up for > than 1 seconds (startsecs)
2023-05-02 04:41:46,708 INFO success: uwsgi entered RUNNING state, process has stayed up for > than 1 seconds (startsecs)
2023-05-02 04:49:51,268 CRIT Supervisor is running as root.  Privileges were not dropped because no user is specified in the config file.  If you intend to run as root, you can set user=root in the config file to avoid this message.
2023-05-02 04:49:51,273 INFO supervisord started with pid 31
2023-05-02 04:49:52,276 INFO spawned: 'nginx' with pid 32
2023-05-02 04:49:52,278 INFO spawned: 'uwsgi' with pid 33
2023-05-02 04:49:53,666 INFO success: nginx entered RUNNING state, process has stayed up for > than 1 seconds (startsecs)
2023-05-02 04:49:53,667 INFO success: uwsgi entered RUNNING state, process has stayed up for > than 1 seconds (startsecs)
2023-05-02 04:53:03,197 CRIT Supervisor is running as root.  Privileges were not dropped because no user is specified in the config file.  If you intend to run as root, you can set user=root in the config file to avoid this message.
2023-05-02 04:53:03,203 INFO supervisord started with pid 31
2023-05-02 04:53:04,208 INFO spawned: 'nginx' with pid 32
2023-05-02 04:53:04,213 INFO spawned: 'uwsgi' with pid 33
2023-05-02 04:53:05,594 INFO success: nginx entered RUNNING state, process has stayed up for > than 1 seconds (startsecs)
2023-05-02 04:53:05,595 INFO success: uwsgi entered RUNNING state, process has stayed up for > than 1 seconds (startsecs)
2023-05-02 04:55:35,665 CRIT Supervisor is running as root.  Privileges were not dropped because no user is specified in the config file.  If you intend to run as root, you can set user=root in the config file to avoid this message.
2023-05-02 04:55:35,669 INFO supervisord started with pid 31
2023-05-02 04:55:36,675 INFO spawned: 'nginx' with pid 32
2023-05-02 04:55:36,680 INFO spawned: 'uwsgi' with pid 33
2023-05-02 04:55:38,046 INFO success: nginx entered RUNNING state, process has stayed up for > than 1 seconds (startsecs)
2023-05-02 04:55:38,047 INFO success: uwsgi entered RUNNING state, process has stayed up for > than 1 seconds (startsecs)
2023-05-02 05:11:56,619 CRIT Supervisor is running as root.  Privileges were not dropped because no user is specified in the config file.  If you intend to run as root, you can set user=root in the config file to avoid this message.
2023-05-02 05:11:56,631 INFO supervisord started with pid 31
2023-05-02 05:11:57,637 INFO spawned: 'nginx' with pid 32
2023-05-02 05:11:57,641 INFO spawned: 'uwsgi' with pid 33
2023-05-02 05:11:59,037 INFO success: nginx entered RUNNING state, process has stayed up for > than 1 seconds (startsecs)
2023-05-02 05:11:59,038 INFO success: uwsgi entered RUNNING state, process has stayed up for > than 1 seconds (startsecs)
2023-05-02 18:26:18,585 CRIT Supervisor is running as root.  Privileges were not dropped because no user is specified in the config file.  If you intend to run as root, you can set user=root in the config file to avoid this message.
2023-05-02 18:26:18,613 INFO supervisord started with pid 30
2023-05-02 18:26:19,618 INFO spawned: 'nginx' with pid 31
2023-05-02 18:26:19,622 INFO spawned: 'uwsgi' with pid 32
2023-05-02 18:26:21,548 INFO success: nginx entered RUNNING state, process has stayed up for > than 1 seconds (startsecs)
2023-05-02 18:26:21,550 INFO success: uwsgi entered RUNNING state, process has stayed up for > than 1 seconds (startsecs)
2023-05-02 19:18:27,205 CRIT Supervisor is running as root.  Privileges were not dropped because no user is specified in the config file.  If you intend to run as root, you can set user=root in the config file to avoid this message.
2023-05-02 19:18:27,211 INFO supervisord started with pid 31
2023-05-02 19:18:28,216 INFO spawned: 'nginx' with pid 32
2023-05-02 19:18:28,221 INFO spawned: 'uwsgi' with pid 33
2023-05-02 19:18:29,606 INFO success: nginx entered RUNNING state, process has stayed up for > than 1 seconds (startsecs)
2023-05-02 19:18:29,607 INFO success: uwsgi entered RUNNING state, process has stayed up for > than 1 seconds (startsecs)
2023-05-02 20:37:02,342 CRIT Supervisor is running as root.  Privileges were not dropped because no user is specified in the config file.  If you intend to run as root, you can set user=root in the config file to avoid this message.
2023-05-02 20:37:02,354 INFO supervisord started with pid 31
2023-05-02 20:37:03,356 INFO spawned: 'nginx' with pid 32
2023-05-02 20:37:03,359 INFO spawned: 'uwsgi' with pid 33
2023-05-02 20:37:04,860 INFO success: nginx entered RUNNING state, process has stayed up for > than 1 seconds (startsecs)
2023-05-02 20:37:04,861 INFO success: uwsgi entered RUNNING state, process has stayed up for > than 1 seconds (startsecs)
2023-05-02 22:38:01,534 CRIT Supervisor is running as root.  Privileges were not dropped because no user is specified in the config file.  If you intend to run as root, you can set user=root in the config file to avoid this message.
2023-05-02 22:38:01,539 INFO supervisord started with pid 31
2023-05-02 22:38:02,544 INFO spawned: 'nginx' with pid 32
2023-05-02 22:38:02,549 INFO spawned: 'uwsgi' with pid 33
2023-05-02 22:38:03,940 INFO success: nginx entered RUNNING state, process has stayed up for > than 1 seconds (startsecs)
2023-05-02 22:38:03,942 INFO success: uwsgi entered RUNNING state, process has stayed up for > than 1 seconds (startsecs)
2023-05-03 03:48:10,845 CRIT Supervisor is running as root.  Privileges were not dropped because no user is specified in the config file.  If you intend to run as root, you can set user=root in the config file to avoid this message.
2023-05-03 03:48:10,854 INFO supervisord started with pid 31
2023-05-03 03:48:11,857 INFO spawned: 'nginx' with pid 32
2023-05-03 03:48:11,859 INFO spawned: 'uwsgi' with pid 33
2023-05-03 03:48:13,356 INFO success: nginx entered RUNNING state, process has stayed up for > than 1 seconds (startsecs)
2023-05-03 03:48:13,356 INFO success: uwsgi entered RUNNING state, process has stayed up for > than 1 seconds (startsecs)
2023-05-03 03:50:25,909 CRIT Supervisor is running as root.  Privileges were not dropped because no user is specified in the config file.  If you intend to run as root, you can set user=root in the config file to avoid this message.
2023-05-03 03:50:25,923 INFO supervisord started with pid 31
2023-05-03 03:50:26,926 INFO spawned: 'nginx' with pid 32
2023-05-03 03:50:26,929 INFO spawned: 'uwsgi' with pid 33
2023-05-03 03:50:28,447 INFO success: nginx entered RUNNING state, process has stayed up for > than 1 seconds (startsecs)
2023-05-03 03:50:28,448 INFO success: uwsgi entered RUNNING state, process has stayed up for > than 1 seconds (startsecs)
2023-05-03 16:54:43,680 CRIT Supervisor is running as root.  Privileges were not dropped because no user is specified in the config file.  If you intend to run as root, you can set user=root in the config file to avoid this message.
2023-05-03 16:54:43,727 INFO supervisord started with pid 30
2023-05-03 16:54:44,738 INFO spawned: 'nginx' with pid 31
2023-05-03 16:54:44,742 INFO spawned: 'uwsgi' with pid 32
2023-05-03 16:54:46,464 INFO success: nginx entered RUNNING state, process has stayed up for > than 1 seconds (startsecs)
2023-05-03 16:54:46,465 INFO success: uwsgi entered RUNNING state, process has stayed up for > than 1 seconds (startsecs)
2023-05-03 17:46:12,312 CRIT Supervisor is running as root.  Privileges were not dropped because no user is specified in the config file.  If you intend to run as root, you can set user=root in the config file to avoid this message.
2023-05-03 17:46:12,320 INFO supervisord started with pid 32
2023-05-03 17:46:13,323 INFO spawned: 'nginx' with pid 33
2023-05-03 17:46:13,325 INFO spawned: 'uwsgi' with pid 34
2023-05-03 17:46:14,777 INFO success: nginx entered RUNNING state, process has stayed up for > than 1 seconds (startsecs)
2023-05-03 17:46:14,778 INFO success: uwsgi entered RUNNING state, process has stayed up for > than 1 seconds (startsecs)
2023-05-03 18:52:56,050 CRIT Supervisor is running as root.  Privileges were not dropped because no user is specified in the config file.  If you intend to run as root, you can set user=root in the config file to avoid this message.
2023-05-03 18:52:56,070 INFO supervisord started with pid 31
2023-05-03 18:52:57,073 INFO spawned: 'nginx' with pid 32
2023-05-03 18:52:57,075 INFO spawned: 'uwsgi' with pid 33
2023-05-03 18:52:58,572 INFO success: nginx entered RUNNING state, process has stayed up for > than 1 seconds (startsecs)
2023-05-03 18:52:58,573 INFO success: uwsgi entered RUNNING state, process has stayed up for > than 1 seconds (startsecs)
